<?xml version="1.0" encoding="UTF-8"?>
<coverage generated="1554960237555" clover="3.2.0">
  <project timestamp="1554960237556" name="All files">
    <metrics statements="93" coveredstatements="13" conditionals="32" coveredconditionals="0" methods="41" coveredmethods="10" elements="166" coveredelements="23" complexity="0" loc="93" ncloc="93" packages="2" files="13" classes="13">
      <package name="src">
        <metrics statements="58" coveredstatements="1" conditionals="32" coveredconditionals="0" methods="15" coveredmethods="0"/>
        <file name="index.js" path="C:\Users\Kevin\Desktop\senior\git\WebApp\react-app\src\index.js">
          <metrics statements="19" coveredstatements="0" conditionals="0" coveredconditionals="0" methods="0" coveredmethods="0"/>
          <line num="1" count="0" type="stmt"/>
          <line num="2" count="0" type="stmt"/>
          <line num="3" count="0" type="stmt"/>
          <line num="4" count="0" type="stmt"/>
          <line num="5" count="0" type="stmt"/>
          <line num="6" count="0" type="stmt"/>
          <line num="7" count="0" type="stmt"/>
          <line num="8" count="0" type="stmt"/>
          <line num="10" count="0" type="stmt"/>
          <line num="11" count="0" type="stmt"/>
          <line num="12" count="0" type="stmt"/>
          <line num="13" count="0" type="stmt"/>
          <line num="14" count="0" type="stmt"/>
          <line num="15" count="0" type="stmt"/>
          <line num="16" count="0" type="stmt"/>
          <line num="17" count="0" type="stmt"/>
          <line num="20" count="0" type="stmt"/>
          <line num="35" count="0" type="stmt"/>
          <line num="36" count="0" type="stmt"/>
        </file>
        <file name="serviceWorker.js" path="C:\Users\Kevin\Desktop\senior\git\WebApp\react-app\src\serviceWorker.js">
          <metrics statements="38" coveredstatements="0" conditionals="32" coveredconditionals="0" methods="15" coveredmethods="0"/>
          <line num="13" count="0" type="stmt"/>
          <line num="24" count="0" type="cond" truecount="0" falsecount="4"/>
          <line num="26" count="0" type="stmt"/>
          <line num="27" count="0" type="cond" truecount="0" falsecount="2"/>
          <line num="31" count="0" type="stmt"/>
          <line num="34" count="0" type="stmt"/>
          <line num="35" count="0" type="stmt"/>
          <line num="37" count="0" type="cond" truecount="0" falsecount="2"/>
          <line num="39" count="0" type="stmt"/>
          <line num="43" count="0" type="stmt"/>
          <line num="44" count="0" type="stmt"/>
          <line num="51" count="0" type="stmt"/>
          <line num="58" count="0" type="stmt"/>
          <line num="61" count="0" type="stmt"/>
          <line num="62" count="0" type="stmt"/>
          <line num="63" count="0" type="cond" truecount="0" falsecount="2"/>
          <line num="64" count="0" type="stmt"/>
          <line num="66" count="0" type="stmt"/>
          <line num="67" count="0" type="cond" truecount="0" falsecount="2"/>
          <line num="68" count="0" type="cond" truecount="0" falsecount="2"/>
          <line num="72" count="0" type="stmt"/>
          <line num="78" count="0" type="cond" truecount="0" falsecount="4"/>
          <line num="79" count="0" type="stmt"/>
          <line num="85" count="0" type="stmt"/>
          <line num="88" count="0" type="cond" truecount="0" falsecount="4"/>
          <line num="89" count="0" type="stmt"/>
          <line num="97" count="0" type="stmt"/>
          <line num="103" count="0" type="stmt"/>
          <line num="106" count="0" type="stmt"/>
          <line num="107" count="0" type="cond" truecount="0" falsecount="2"/>
          <line num="112" count="0" type="stmt"/>
          <line num="113" count="0" type="stmt"/>
          <line num="114" count="0" type="stmt"/>
          <line num="119" count="0" type="stmt"/>
          <line num="123" count="0" type="stmt"/>
          <line num="130" count="0" type="cond" truecount="0" falsecount="2"/>
          <line num="131" count="0" type="stmt"/>
          <line num="132" count="0" type="stmt"/>
        </file>
        <file name="setupTests.js" path="C:\Users\Kevin\Desktop\senior\git\WebApp\react-app\src\setupTests.js">
          <metrics statements="1" coveredstatements="1" conditionals="0" coveredconditionals="0" methods="0" coveredmethods="0"/>
          <line num="4" count="1" type="stmt"/>
        </file>
      </package>
      <package name="src.modules">
        <metrics statements="35" coveredstatements="12" conditionals="0" coveredconditionals="0" methods="26" coveredmethods="10"/>
        <file name="App.js" path="C:\Users\Kevin\Desktop\senior\git\WebApp\react-app\src\modules\App.js">
          <metrics statements="1" coveredstatements="1" conditionals="0" coveredconditionals="0" methods="1" coveredmethods="1"/>
          <line num="7" count="2" type="stmt"/>
        </file>
        <file name="Dashboard.js" path="C:\Users\Kevin\Desktop\senior\git\WebApp\react-app\src\modules\Dashboard.js">
          <metrics statements="8" coveredstatements="4" conditionals="0" coveredconditionals="0" methods="7" coveredmethods="3"/>
          <line num="7" count="5" type="stmt"/>
          <line num="8" count="5" type="stmt"/>
          <line num="20" count="1" type="stmt"/>
          <line num="21" count="0" type="stmt"/>
          <line num="22" count="0" type="stmt"/>
          <line num="25" count="0" type="stmt"/>
          <line num="34" count="0" type="stmt"/>
          <line num="38" count="5" type="stmt"/>
        </file>
        <file name="Display.js" path="C:\Users\Kevin\Desktop\senior\git\WebApp\react-app\src\modules\Display.js">
          <metrics statements="9" coveredstatements="0" conditionals="0" coveredconditionals="0" methods="7" coveredmethods="0"/>
          <line num="1" count="0" type="stmt"/>
          <line num="2" count="0" type="stmt"/>
          <line num="3" count="0" type="stmt"/>
          <line num="9" count="0" type="stmt"/>
          <line num="10" count="0" type="stmt"/>
          <line num="11" count="0" type="stmt"/>
          <line num="14" count="0" type="stmt"/>
          <line num="22" count="0" type="stmt"/>
          <line num="26" count="0" type="stmt"/>
        </file>
        <file name="Home.js" path="C:\Users\Kevin\Desktop\senior\git\WebApp\react-app\src\modules\Home.js">
          <metrics statements="1" coveredstatements="1" conditionals="0" coveredconditionals="0" methods="1" coveredmethods="1"/>
          <line num="6" count="4" type="stmt"/>
        </file>
        <file name="Log.js" path="C:\Users\Kevin\Desktop\senior\git\WebApp\react-app\src\modules\Log.js">
          <metrics statements="2" coveredstatements="2" conditionals="0" coveredconditionals="0" methods="1" coveredmethods="1"/>
          <line num="5" count="1" type="stmt"/>
          <line num="47" count="6" type="stmt"/>
        </file>
        <file name="Login.js" path="C:\Users\Kevin\Desktop\senior\git\WebApp\react-app\src\modules\Login.js">
          <metrics statements="1" coveredstatements="1" conditionals="0" coveredconditionals="0" methods="1" coveredmethods="1"/>
          <line num="8" count="7" type="stmt"/>
        </file>
        <file name="Logout.js" path="C:\Users\Kevin\Desktop\senior\git\WebApp\react-app\src\modules\Logout.js">
          <metrics statements="1" coveredstatements="1" conditionals="0" coveredconditionals="0" methods="1" coveredmethods="1"/>
          <line num="6" count="3" type="stmt"/>
        </file>
        <file name="Navigation.js" path="C:\Users\Kevin\Desktop\senior\git\WebApp\react-app\src\modules\Navigation.js">
          <metrics statements="2" coveredstatements="1" conditionals="0" coveredconditionals="0" methods="2" coveredmethods="1"/>
          <line num="12" count="0" type="stmt"/>
          <line num="16" count="2" type="stmt"/>
        </file>
        <file name="Stats.js" path="C:\Users\Kevin\Desktop\senior\git\WebApp\react-app\src\modules\Stats.js">
          <metrics statements="1" coveredstatements="1" conditionals="0" coveredconditionals="0" methods="1" coveredmethods="1"/>
          <line num="38" count="2" type="stmt"/>
        </file>
        <file name="mqtt.service.js" path="C:\Users\Kevin\Desktop\senior\git\WebApp\react-app\src\modules\mqtt.service.js">
          <metrics statements="9" coveredstatements="0" conditionals="0" coveredconditionals="0" methods="4" coveredmethods="0"/>
          <line num="1" count="0" type="stmt"/>
          <line num="5" count="0" type="stmt"/>
          <line num="12" count="0" type="stmt"/>
          <line num="14" count="0" type="stmt"/>
          <line num="15" count="0" type="stmt"/>
          <line num="18" count="0" type="stmt"/>
          <line num="20" count="0" type="stmt"/>
          <line num="23" count="0" type="stmt"/>
          <line num="25" count="0" type="stmt"/>
        </file>
      </package>
    </metrics>
  </project>
</coverage>
