TN:
SF:C:\Users\Kevin\Desktop\senior\git\WebApp\react-app\src\index.js
FNF:0
FNH:0
DA:1,0
DA:2,0
DA:3,0
DA:4,0
DA:5,0
DA:6,0
DA:7,0
DA:8,0
DA:9,0
DA:10,0
DA:12,0
DA:14,0
DA:29,0
DA:33,0
LF:14
LH:0
BRF:0
BRH:0
end_of_record
TN:
SF:C:\Users\Kevin\Desktop\senior\git\WebApp\react-app\src\serviceWorker.js
FN:23,register
FN:34,(anonymous_1)
FN:43,(anonymous_2)
FN:57,registerValidSW
FN:60,(anonymous_4)
FN:61,(anonymous_5)
FN:66,(anonymous_6)
FN:96,(anonymous_7)
FN:101,checkValidServiceWorker
FN:104,(anonymous_9)
FN:112,(anonymous_10)
FN:113,(anonymous_11)
FN:122,(anonymous_12)
FN:129,unregister
FN:131,(anonymous_14)
FNF:15
FNH:0
FNDA:0,register
FNDA:0,(anonymous_1)
FNDA:0,(anonymous_2)
FNDA:0,registerValidSW
FNDA:0,(anonymous_4)
FNDA:0,(anonymous_5)
FNDA:0,(anonymous_6)
FNDA:0,(anonymous_7)
FNDA:0,checkValidServiceWorker
FNDA:0,(anonymous_9)
FNDA:0,(anonymous_10)
FNDA:0,(anonymous_11)
FNDA:0,(anonymous_12)
FNDA:0,unregister
FNDA:0,(anonymous_14)
DA:13,0
DA:24,0
DA:26,0
DA:27,0
DA:31,0
DA:34,0
DA:35,0
DA:37,0
DA:39,0
DA:43,0
DA:44,0
DA:51,0
DA:58,0
DA:61,0
DA:62,0
DA:63,0
DA:64,0
DA:66,0
DA:67,0
DA:68,0
DA:72,0
DA:78,0
DA:79,0
DA:85,0
DA:88,0
DA:89,0
DA:97,0
DA:103,0
DA:106,0
DA:107,0
DA:112,0
DA:113,0
DA:114,0
DA:119,0
DA:123,0
DA:130,0
DA:131,0
DA:132,0
LF:38
LH:0
BRDA:14,0,0,0
BRDA:14,0,1,0
BRDA:14,0,2,0
BRDA:24,1,0,0
BRDA:24,1,1,0
BRDA:24,2,0,0
BRDA:24,2,1,0
BRDA:27,3,0,0
BRDA:27,3,1,0
BRDA:37,4,0,0
BRDA:37,4,1,0
BRDA:63,5,0,0
BRDA:63,5,1,0
BRDA:67,6,0,0
BRDA:67,6,1,0
BRDA:68,7,0,0
BRDA:68,7,1,0
BRDA:78,8,0,0
BRDA:78,8,1,0
BRDA:78,9,0,0
BRDA:78,9,1,0
BRDA:88,10,0,0
BRDA:88,10,1,0
BRDA:88,11,0,0
BRDA:88,11,1,0
BRDA:107,12,0,0
BRDA:107,12,1,0
BRDA:108,13,0,0
BRDA:108,13,1,0
BRDA:108,13,2,0
BRDA:130,14,0,0
BRDA:130,14,1,0
BRF:32
BRH:0
end_of_record
TN:
SF:C:\Users\Kevin\Desktop\senior\git\WebApp\react-app\src\setupTests.js
FNF:0
FNH:0
DA:4,1
LF:1
LH:1
BRF:0
BRH:0
end_of_record
TN:
SF:C:\Users\Kevin\Desktop\senior\git\WebApp\react-app\src\components\AppliedRoute.js
FN:5,(anonymous_0)
FN:6,(anonymous_1)
FNF:2
FNH:0
FNDA:0,(anonymous_0)
FNDA:0,(anonymous_1)
DA:6,0
LF:1
LH:0
BRF:0
BRH:0
end_of_record
TN:
SF:C:\Users\Kevin\Desktop\senior\git\WebApp\react-app\src\modules\App.js
FN:7,(anonymous_0)
FN:15,(anonymous_1)
FN:18,(anonymous_2)
FNF:3
FNH:2
FNDA:2,(anonymous_0)
FNDA:0,(anonymous_1)
FNDA:2,(anonymous_2)
DA:8,2
DA:10,2
DA:16,0
DA:19,2
DA:25,2
LF:5
LH:4
BRF:0
BRH:0
end_of_record
TN:
SF:C:\Users\Kevin\Desktop\senior\git\WebApp\react-app\src\modules\Dashboard.js
FN:6,(anonymous_0)
FN:19,(anonymous_1)
FN:20,(anonymous_2)
FN:22,(anonymous_3)
FN:24,(anonymous_4)
FN:33,(anonymous_5)
FN:37,(anonymous_6)
FNF:7
FNH:3
FNDA:5,(anonymous_0)
FNDA:1,(anonymous_1)
FNDA:0,(anonymous_2)
FNDA:0,(anonymous_3)
FNDA:0,(anonymous_4)
FNDA:0,(anonymous_5)
FNDA:5,(anonymous_6)
DA:7,5
DA:8,5
DA:20,1
DA:21,0
DA:22,0
DA:25,0
DA:34,0
DA:38,5
DA:70,1
LF:9
LH:5
BRF:0
BRH:0
end_of_record
TN:
SF:C:\Users\Kevin\Desktop\senior\git\WebApp\react-app\src\modules\Display.js
FN:8,(anonymous_0)
FN:9,(anonymous_1)
FN:11,(anonymous_2)
FN:13,(anonymous_3)
FN:21,(anonymous_4)
FN:25,(anonymous_5)
FNF:6
FNH:0
FNDA:0,(anonymous_0)
FNDA:0,(anonymous_1)
FNDA:0,(anonymous_2)
FNDA:0,(anonymous_3)
FNDA:0,(anonymous_4)
FNDA:0,(anonymous_5)
DA:9,0
DA:10,0
DA:11,0
DA:14,0
DA:22,0
DA:26,0
LF:6
LH:0
BRF:0
BRH:0
end_of_record
TN:
SF:C:\Users\Kevin\Desktop\senior\git\WebApp\react-app\src\modules\Home.js
FN:5,(anonymous_0)
FNF:1
FNH:1
FNDA:4,(anonymous_0)
DA:6,4
LF:1
LH:1
BRF:0
BRH:0
end_of_record
TN:
SF:C:\Users\Kevin\Desktop\senior\git\WebApp\react-app\src\modules\Log.js
FN:46,(anonymous_0)
FNF:1
FNH:1
FNDA:6,(anonymous_0)
DA:5,1
DA:47,6
DA:60,1
LF:3
LH:3
BRF:0
BRH:0
end_of_record
TN:
SF:C:\Users\Kevin\Desktop\senior\git\WebApp\react-app\src\modules\Login.js
FN:7,(anonymous_0)
FN:15,(anonymous_1)
FN:19,(anonymous_2)
FN:25,(anonymous_3)
FN:38,(anonymous_4)
FNF:5
FNH:3
FNDA:7,(anonymous_0)
FNDA:7,(anonymous_1)
FNDA:0,(anonymous_2)
FNDA:0,(anonymous_3)
FNDA:7,(anonymous_4)
DA:8,7
DA:9,7
DA:16,7
DA:20,0
DA:26,0
DA:27,0
DA:28,0
DA:29,0
DA:30,0
DA:31,0
DA:34,0
DA:39,7
DA:85,1
LF:13
LH:5
BRDA:16,0,0,7
BRDA:16,0,1,0
BRF:2
BRH:1
end_of_record
TN:
SF:C:\Users\Kevin\Desktop\senior\git\WebApp\react-app\src\modules\Logout.js
FN:4,(anonymous_0)
FNF:1
FNH:1
FNDA:3,(anonymous_0)
DA:5,3
LF:1
LH:1
BRF:0
BRH:0
end_of_record
TN:
SF:C:\Users\Kevin\Desktop\senior\git\WebApp\react-app\src\modules\Navigation.js
FN:7,(anonymous_0)
FN:15,(anonymous_1)
FN:19,(anonymous_2)
FN:22,(anonymous_3)
FN:23,(anonymous_4)
FN:31,(anonymous_5)
FNF:6
FNH:2
FNDA:2,(anonymous_0)
FNDA:0,(anonymous_1)
FNDA:0,(anonymous_2)
FNDA:0,(anonymous_3)
FNDA:0,(anonymous_4)
FNDA:2,(anonymous_5)
DA:8,2
DA:9,2
DA:16,0
DA:20,0
DA:21,0
DA:22,0
DA:23,0
DA:24,0
DA:27,0
DA:32,2
LF:10
LH:3
BRDA:41,0,0,2
BRDA:41,0,1,0
BRDA:55,1,0,0
BRDA:55,1,1,0
BRDA:62,2,0,0
BRDA:62,2,1,0
BRF:6
BRH:1
end_of_record
TN:
SF:C:\Users\Kevin\Desktop\senior\git\WebApp\react-app\src\modules\Routes.js
FN:14,(anonymous_0)
FNF:1
FNH:0
FNDA:0,(anonymous_0)
DA:15,0
LF:1
LH:0
BRDA:20,0,0,0
BRDA:20,0,1,0
BRDA:23,1,0,0
BRDA:23,1,1,0
BRDA:26,2,0,0
BRDA:26,2,1,0
BRDA:29,3,0,0
BRDA:29,3,1,0
BRDA:32,4,0,0
BRDA:32,4,1,0
BRF:10
BRH:0
end_of_record
TN:
SF:C:\Users\Kevin\Desktop\senior\git\WebApp\react-app\src\modules\Signup.js
FN:6,(anonymous_0)
FN:18,(anonymous_1)
FN:25,(anonymous_2)
FN:31,(anonymous_3)
FN:37,(anonymous_4)
FN:53,(anonymous_5)
FN:68,(anonymous_6)
FN:104,(anonymous_7)
FN:178,(anonymous_8)
FNF:9
FNH:0
FNDA:0,(anonymous_0)
FNDA:0,(anonymous_1)
FNDA:0,(anonymous_2)
FNDA:0,(anonymous_3)
FNDA:0,(anonymous_4)
FNDA:0,(anonymous_5)
FNDA:0,(anonymous_6)
FNDA:0,(anonymous_7)
FNDA:0,(anonymous_8)
DA:7,0
DA:8,0
DA:19,0
DA:26,0
DA:32,0
DA:38,0
DA:39,0
DA:40,0
DA:44,0
DA:49,0
DA:54,0
DA:56,0
DA:57,0
DA:58,0
DA:59,0
DA:60,0
DA:63,0
DA:69,0
DA:105,0
DA:179,0
LF:20
LH:0
BRDA:20,0,0,0
BRDA:20,0,1,0
BRDA:20,0,2,0
BRDA:20,0,3,0
BRDA:181,1,0,0
BRDA:181,1,1,0
BRF:6
BRH:0
end_of_record
TN:
SF:C:\Users\Kevin\Desktop\senior\git\WebApp\react-app\src\modules\Stats.js
FN:37,(anonymous_0)
FNF:1
FNH:1
FNDA:2,(anonymous_0)
DA:38,2
DA:48,1
LF:2
LH:2
BRF:0
BRH:0
end_of_record
TN:
SF:C:\Users\Kevin\Desktop\senior\git\WebApp\react-app\src\modules\mqtt.service.js
FN:3,test
FN:13,(anonymous_1)
FN:19,(anonymous_2)
FN:24,(anonymous_3)
FNF:4
FNH:0
FNDA:0,test
FNDA:0,(anonymous_1)
FNDA:0,(anonymous_2)
FNDA:0,(anonymous_3)
DA:1,0
DA:5,0
DA:12,0
DA:14,0
DA:15,0
DA:18,0
DA:20,0
DA:23,0
DA:25,0
LF:9
LH:0
BRF:0
BRH:0
end_of_record
